2022-02-01 17:38:47,253 DEBUG client.py Была вызвана функция create_arg_parser c параметрами (), {}. Вызов из модуля __main__. Вызов из функции main().Вызов из функции main
2022-02-01 17:38:47,253 INFO client.py Запущен клиент с парамертами: адрес сервера: 127.0.0.1, порт: 7777
2022-02-01 17:38:49,316 CRITICAL client.py Не удалось подключиться к серверу 127.0.0.1:7777, конечный компьютер отверг запрос на подключение.
2022-02-01 17:39:08,591 DEBUG client.py Была вызвана функция create_arg_parser c параметрами (), {}. Вызов из модуля __main__. Вызов из функции main().Вызов из функции main
2022-02-01 17:39:08,591 INFO client.py Запущен клиент с парамертами: адрес сервера: 127.0.0.1, порт: 7777
2022-02-01 17:39:08,591 DEBUG client.py Была вызвана функция create_presence c параметрами (), {}. Вызов из модуля __main__. Вызов из функции main().Вызов из функции main
2022-02-01 17:39:08,591 DEBUG client.py Была вызвана функция process_answer c параметрами ({'response': 200},), {}. Вызов из модуля __main__. Вызов из функции main().Вызов из функции main
2022-02-01 17:39:08,591 INFO client.py Принят ответ от сервера 200 : OK
2022-02-01 17:40:37,134 DEBUG client.py Была вызвана функция create_arg_parser c параметрами (), {}. Вызов из модуля __main__. Вызов из функции main().Вызов из функции main
2022-02-01 17:40:37,134 INFO client.py Запущен клиент с парамертами: адрес сервера: 127.0.0.1, порт: 7777
2022-02-01 17:40:37,134 DEBUG client.py Была вызвана функция create_presence c параметрами (), {}. Вызов из модуля __main__. Вызов из функции main().Вызов из функции main
2022-02-01 17:40:37,134 DEBUG client.py Была вызвана функция process_answer c параметрами ({'response': 200},), {}. Вызов из модуля __main__. Вызов из функции main().Вызов из функции main
2022-02-01 17:40:37,134 INFO client.py Принят ответ от сервера 200 : OK
2022-02-01 17:43:30,117 DEBUG client.py Была вызвана функция create_arg_parser c параметрами (), {}. Вызов из модуля __main__. Вызов из функции main().Вызов из функции main
2022-02-01 17:43:30,117 INFO client.py Запущен клиент с парамертами: адрес сервера: 127.0.0.1, порт: 7777
2022-02-01 17:43:30,117 DEBUG client.py Сформировано presence сообщение для пользователя Guest
2022-02-01 17:43:30,117 DEBUG client.py Была вызвана функция create_presence c параметрами (), {}. Вызов из модуля __main__. Вызов из функции main().Вызов из функции main
2022-02-01 17:44:16,737 DEBUG client.py Была вызвана функция create_arg_parser c параметрами (), {}. Вызов из модуля __main__. Вызов из функции main().Вызов из функции main
2022-02-01 17:44:16,737 INFO client.py Запущен клиент с парамертами: адрес сервера: 127.0.0.1, порт: 7777
2022-02-01 17:44:16,752 DEBUG client.py Сформировано presence сообщение для пользователя Guest
2022-02-01 17:44:16,752 DEBUG client.py Была вызвана функция create_presence c параметрами (), {}. Вызов из модуля __main__. Вызов из функции main().Вызов из функции main
2022-02-01 17:44:30,534 DEBUG client.py Была вызвана функция create_arg_parser c параметрами (), {}. Вызов из модуля __main__. Вызов из функции main().Вызов из функции main
2022-02-01 17:44:30,534 INFO client.py Запущен клиент с парамертами: адрес сервера: 127.0.0.1, порт: 7777
2022-02-01 17:44:30,534 DEBUG client.py Сформировано presence сообщение для пользователя Guest
2022-02-01 17:44:30,534 DEBUG client.py Была вызвана функция create_presence c параметрами (), {}. Вызов из модуля __main__. Вызов из функции main().Вызов из функции main
2022-02-01 17:44:30,534 DEBUG decos.py Сформировано presence сообщение для пользователя 
2022-02-01 17:44:30,550 DEBUG client.py Была вызвана функция process_answer c параметрами ({'response': 200},), {}. Вызов из модуля __main__. Вызов из функции main().Вызов из функции main
2022-02-01 17:44:30,550 INFO client.py Принят ответ от сервера 200 : OK
2022-02-01 17:48:47,687 DEBUG client.py Была вызвана функция create_arg_parser c параметрами (), {}. Вызов из модуля __main__. Вызов из функции main().Вызов из функции main
2022-02-01 17:48:47,687 INFO client.py Запущен клиент с парамертами: адрес сервера: 127.0.0.1, порт: 7777
2022-02-01 17:48:47,687 DEBUG client.py Сформировано presence сообщение для пользователя Guest
2022-02-01 17:48:47,687 DEBUG client.py Была вызвана функция create_presence c параметрами (), {}. Вызов из модуля __main__. Вызов из функции main().Вызов из функции main
2022-02-01 17:48:47,687 DEBUG decos.py Сформировано presence сообщение для пользователя ()
2022-02-01 17:48:47,687 DEBUG client.py Была вызвана функция process_answer c параметрами ({'response': 200},), {}. Вызов из модуля __main__. Вызов из функции main().Вызов из функции main
2022-02-01 17:48:47,687 INFO client.py Принят ответ от сервера 200 : OK
2022-02-01 17:56:47,280 DEBUG client.py Была вызвана функция create_arg_parser c параметрами (), {}. Вызов из модуля __main__. Вызов из функции main().Вызов из функции main
2022-02-01 17:56:47,280 INFO client.py Запущен клиент с парамертами: адрес сервера: 127.0.0.1, порт: 7777
2022-02-01 17:56:47,280 DEBUG client.py Сформировано presence сообщение для пользователя Guest
2022-02-01 17:56:47,280 DEBUG client.py Была вызвана функция create_presence c параметрами (), {}. Вызов из модуля __main__. Вызов из функции main().Вызов из функции main
2022-02-01 18:00:00,736 DEBUG client.py Была вызвана функция create_arg_parser c параметрами (), {}. Вызов из модуля __main__. Вызов из функции main().Вызов из функции main
2022-02-01 18:00:00,736 INFO client.py Запущен клиент с парамертами: адрес сервера: 127.0.0.1, порт: 7777
2022-02-01 18:00:00,736 DEBUG client.py Сформировано presence сообщение для пользователя Guest
2022-02-01 18:00:00,736 DEBUG client.py Была вызвана функция create_presence c параметрами (), {}. Вызов из модуля __main__. Вызов из функции main().Вызов из функции main
2022-02-01 18:00:43,989 DEBUG client.py Была вызвана функция create_arg_parser c параметрами (), {}. Вызов из модуля __main__. Вызов из функции main().Вызов из функции main
2022-02-01 18:01:51,430 DEBUG client.py Была вызвана функция create_arg_parser c параметрами (), {}. Вызов из модуля __main__. Вызов из функции main().Вызов из функции main
2022-02-01 18:03:48,447 DEBUG client.py Была вызвана функция create_arg_parser c параметрами (), {}. Вызов из модуля __main__. Вызов из функции main().Вызов из функции main
2022-02-01 18:03:48,447 INFO client.py Запущен клиент с парамертами: адрес сервера: 127.0.0.1, порт: 7777
2022-02-01 18:03:48,447 DEBUG client.py Сформировано presence сообщение для пользователя Guest
2022-02-01 18:03:48,447 DEBUG client.py Была вызвана функция create_presence c параметрами (), {}. Вызов из модуля __main__. Вызов из функции main().Вызов из функции main
2022-02-01 18:03:48,447 DEBUG decos.py Сформировано presence сообщение для пользователя 
2022-02-01 18:03:48,447 DEBUG client.py Была вызвана функция process_answer c параметрами ({'response': 200},), {}. Вызов из модуля __main__. Вызов из функции main().Вызов из функции main
2022-02-01 18:03:48,447 INFO client.py Принят ответ от сервера 200 : OK
2022-02-01 18:05:29,914 DEBUG client.py Была вызвана функция create_arg_parser c параметрами (), {}. Вызов из модуля __main__. Вызов из функции main().Вызов из функции main
2022-02-01 18:05:29,914 INFO client.py Запущен клиент с парамертами: адрес сервера: 127.0.0.1, порт: 7777
2022-02-01 18:05:29,914 DEBUG client.py Сформировано presence сообщение для пользователя Guest
2022-02-01 18:05:29,914 DEBUG client.py Была вызвана функция create_presence c параметрами (), {}. Вызов из модуля __main__. Вызов из функции main().Вызов из функции main
2022-02-01 18:05:29,914 DEBUG client.py Сформировано presence сообщение 
2022-02-01 18:05:29,914 DEBUG client.py Была вызвана функция process_answer c параметрами ({'response': 200},), {}. Вызов из модуля __main__. Вызов из функции main().Вызов из функции main
2022-02-01 18:05:29,914 INFO client.py Принят ответ от сервера 200 : OK
2022-02-01 18:06:00,682 DEBUG client.py Была вызвана функция create_arg_parser c параметрами (), {}. Вызов из модуля __main__. Вызов из функции main().Вызов из функции main
2022-02-01 18:06:00,682 INFO client.py Запущен клиент с парамертами: адрес сервера: 127.0.0.1, порт: 7777
2022-02-01 18:06:00,682 DEBUG client.py Была вызвана функция create_presence c параметрами (), {}. Вызов из модуля __main__. Вызов из функции main().Вызов из функции main
2022-02-01 18:06:00,682 DEBUG client.py Сформировано presence сообщение 
2022-02-01 18:06:00,682 DEBUG client.py Была вызвана функция process_answer c параметрами ({'response': 200},), {}. Вызов из модуля __main__. Вызов из функции main().Вызов из функции main
2022-02-01 18:06:00,682 INFO client.py Принят ответ от сервера 200 : OK
2022-02-01 18:07:56,633 DEBUG client.py Была вызвана функция create_arg_parser c параметрами (), {}. Вызов из модуля __main__. Вызов из функции main().Вызов из функции main
2022-02-01 18:07:56,633 INFO client.py Запущен клиент с парамертами: адрес сервера: 127.0.0.1, порт: 7777
2022-02-01 18:07:56,633 DEBUG client.py Была вызвана функция create_presence c параметрами (), {}. Вызов из модуля __main__. Вызов из функции main().Вызов из функции main
2022-02-01 18:07:56,633 DEBUG client.py Сформировано presence сообщение 
2022-02-01 18:07:56,633 DEBUG client.py Была вызвана функция process_answer c параметрами ({'response': 200},), {}. Вызов из модуля __main__. Вызов из функции main().Вызов из функции main
2022-02-01 18:07:56,633 DEBUG client.py Разбор сообщения от сервера: ({'response': 200},)
2022-02-01 18:07:56,633 INFO client.py Принят ответ от сервера 200 : OK
2022-02-01 18:09:20,508 DEBUG client.py Была вызвана функция create_arg_parser c параметрами (), {}. Вызов из модуля __main__. Вызов из функции main().Вызов из функции main
2022-02-01 18:09:20,508 INFO client.py Запущен клиент с парамертами: адрес сервера: 127.0.0.1, порт: 7777
2022-02-01 18:09:20,508 DEBUG client.py Была вызвана функция create_presence c параметрами (), {}. Вызов из модуля __main__. Вызов из функции main().Вызов из функции main
2022-02-01 18:09:20,508 DEBUG client.py Сформировано presence сообщение от пользователя ()
2022-02-01 18:09:20,508 DEBUG client.py Была вызвана функция process_answer c параметрами ({'response': 200},), {}. Вызов из модуля __main__. Вызов из функции main().Вызов из функции main
2022-02-01 18:09:20,508 DEBUG client.py Разбор сообщения от сервера: ({'response': 200},)
2022-02-01 18:09:20,508 INFO client.py Принят ответ от сервера 200 : OK
2022-02-01 18:11:06,424 DEBUG client.py Была вызвана функция create_arg_parser c параметрами (), {}. Вызов из модуля __main__. Вызов из функции main().Вызов из функции main
2022-02-01 18:11:06,424 INFO client.py Запущен клиент с парамертами: адрес сервера: 127.0.0.1, порт: 7777
2022-02-01 18:11:06,424 DEBUG client.py Была вызвана функция create_presence c параметрами (), {}. Вызов из модуля __main__. Вызов из функции main().Вызов из функции main
2022-02-01 18:11:06,424 DEBUG client.py Сформировано presence сообщение от пользователя ()
2022-02-01 18:11:06,424 DEBUG client.py Была вызвана функция process_answer c параметрами ({'response': 200},), {}. Вызов из модуля __main__. Вызов из функции main().Вызов из функции main
2022-02-01 18:11:06,424 DEBUG client.py Разбор сообщения от сервера: ({'response': 200},)
2022-02-01 18:11:06,424 INFO client.py Принят ответ от сервера 200 : OK
2022-02-01 18:11:25,956 DEBUG client.py Была вызвана функция create_arg_parser c параметрами (), {}. Вызов из модуля __main__. Вызов из функции main().Вызов из функции main
2022-02-01 18:11:25,956 INFO client.py Запущен клиент с парамертами: адрес сервера: 127.0.0.1, порт: 7777
2022-02-01 18:11:25,956 DEBUG client.py Была вызвана функция create_presence c параметрами (), {}. Вызов из модуля __main__. Вызов из функции main().Вызов из функции main
2022-02-01 18:11:25,956 DEBUG client.py Сформировано presence сообщение от пользователя ()
2022-02-01 18:11:25,956 DEBUG client.py Была вызвана функция process_answer c параметрами ({'response': 200},), {}. Вызов из модуля __main__. Вызов из функции main().Вызов из функции main
2022-02-01 18:11:25,956 DEBUG client.py Разбор сообщения от сервера: ({'response': 200},)
2022-02-01 18:11:25,956 INFO client.py Принят ответ от сервера 200 : OK
2022-02-01 18:12:01,776 DEBUG client.py Была вызвана функция create_arg_parser c параметрами (), {}. Вызов из модуля __main__. Вызов из функции main().Вызов из функции main
2022-02-01 18:12:01,776 INFO client.py Запущен клиент с парамертами: адрес сервера: 127.0.0.1, порт: 7777
2022-02-01 18:12:01,776 DEBUG client.py Была вызвана функция create_presence c параметрами (), {}. Вызов из модуля __main__. Вызов из функции main().Вызов из функции main
2022-02-01 18:12:01,776 DEBUG client.py Сформировано presence сообщение от пользователя ()
2022-02-01 18:12:01,776 DEBUG client.py Была вызвана функция process_answer c параметрами ({'response': 200},), {}. Вызов из модуля __main__. Вызов из функции main().Вызов из функции main
2022-02-01 18:12:01,776 DEBUG client.py Разбор сообщения от сервера: ({'response': 200},)
2022-02-01 18:12:01,776 INFO client.py Принят ответ от сервера 200 : OK
